2025-03-19 01:26:33 INFO ************************** inside TC01: test_title **************************
2025-03-19 01:26:43 INFO ************************** inside TC02: test_validLogin **************************
2025-03-19 01:26:47 INFO ************************** inside TC03: testInvalidLogin **************************
2025-03-19 02:03:05 INFO ************************** inside TC01: test_title **************************
2025-03-19 02:03:09 INFO ************************** inside TC02: test_validLogin **************************
2025-03-19 02:03:12 INFO ************************** inside TC03: testInvalidLogin **************************
2025-03-19 02:09:21 INFO ************************** inside TC02: test_validLogin **************************
2025-03-19 02:09:23 INFO ************************** inside TC03: testInvalidLogin **************************
2025-03-19 02:09:23 INFO ************************** inside TC01: test_title **************************
2025-03-19 02:13:43 INFO ************************** inside TC03: testInvalidLogin **************************
2025-03-19 02:13:44 INFO ************************** inside TC02: test_validLogin **************************
2025-03-19 02:13:44 INFO ************************** inside TC01: test_title **************************
2025-03-19 02:16:54 INFO ************************** inside TC01: test_title **************************
2025-03-19 02:17:04 INFO ************************** inside TC02: test_validLogin **************************
2025-03-19 02:17:14 INFO ************************** inside TC03: testInvalidLogin **************************
2025-03-19 02:30:12 INFO ************************** TC01: test_title started **************************
2025-03-19 02:30:13 INFO ************************** TC01: test_title completed successfully **************************
2025-03-19 02:30:16 INFO ************************** TC02: test_validLogin started **************************
2025-03-19 02:30:17 INFO ************************** TC02: test_validLogin completed successfully **************************
2025-03-19 02:30:20 INFO ************************** TC03: testInvalidLogin started **************************
2025-03-19 02:30:21 INFO ************************** TC03: testInvalidLogin completed successfully **************************
